.next/types/app/[locale]/assessment/page.ts(34,29): error TS2344: Type 'AssessmentPageProps' does not satisfy the constraint 'PageProps'.
  Types of property 'params' are incompatible.
    Type '{ locale: "fr" | "en"; }' is missing the following properties from type 'Promise<any>': then, catch, finally, [Symbol.toStringTag]
.next/types/app/[locale]/assessment/page.ts(38,31): error TS2344: Type 'AssessmentPageProps' does not satisfy the constraint 'PageProps'.
  Types of property 'params' are incompatible.
    Type '{ locale: "fr" | "en"; }' is missing the following properties from type 'Promise<any>': then, catch, finally, [Symbol.toStringTag]
.next/types/app/[locale]/content/[category]/[slug]/page.ts(34,29): error TS2344: Type 'ContentPageProps' does not satisfy the constraint 'PageProps'.
  Types of property 'params' are incompatible.
    Type '{ locale: "fr" | "en"; category: string; slug: string; }' is missing the following properties from type 'Promise<any>': then, catch, finally, [Symbol.toStringTag]
.next/types/app/[locale]/content/[category]/[slug]/page.ts(38,31): error TS2344: Type 'ContentPageProps' does not satisfy the constraint 'PageProps'.
  Types of property 'params' are incompatible.
    Type '{ locale: "fr" | "en"; category: string; slug: string; }' is missing the following properties from type 'Promise<any>': then, catch, finally, [Symbol.toStringTag]
.next/types/app/[locale]/loi-25/page.ts(34,29): error TS2344: Type 'Loi25PageProps' does not satisfy the constraint 'PageProps'.
  Types of property 'params' are incompatible.
    Type '{ locale: "fr" | "en"; }' is missing the following properties from type 'Promise<any>': then, catch, finally, [Symbol.toStringTag]
.next/types/app/[locale]/services/page.ts(34,29): error TS2344: Type 'ServicesPageProps' does not satisfy the constraint 'PageProps'.
  Types of property 'params' are incompatible.
    Type '{ locale: "fr" | "en"; }' is missing the following properties from type 'Promise<any>': then, catch, finally, [Symbol.toStringTag]
.next/types/app/[locale]/services/page.ts(38,31): error TS2344: Type 'ServicesPageProps' does not satisfy the constraint 'PageProps'.
  Types of property 'params' are incompatible.
    Type '{ locale: "fr" | "en"; }' is missing the following properties from type 'Promise<any>': then, catch, finally, [Symbol.toStringTag]
__tests__/app/assessment/page.test.tsx(11,1): error TS2582: Cannot find name 'describe'. Do you need to install type definitions for a test runner? Try `npm i --save-dev @types/jest` or `npm i --save-dev @types/mocha`.
__tests__/app/assessment/page.test.tsx(12,3): error TS2582: Cannot find name 'it'. Do you need to install type definitions for a test runner? Try `npm i --save-dev @types/jest` or `npm i --save-dev @types/mocha`.
__tests__/app/assessment/page.test.tsx(21,5): error TS2304: Cannot find name 'expect'.
__tests__/app/assessment/page.test.tsx(24,3): error TS2582: Cannot find name 'it'. Do you need to install type definitions for a test runner? Try `npm i --save-dev @types/jest` or `npm i --save-dev @types/mocha`.
__tests__/app/assessment/page.test.tsx(33,5): error TS2304: Cannot find name 'expect'.
__tests__/chatbot.test.tsx(96,11): error TS6133: 'container' is declared but its value is never read.
__tests__/compliance.test.tsx(66,12): error TS7053: Element implicitly has an 'any' type because expression of type '0' can't be used to index type '{ userAgent?: string | string[] | undefined; allow?: string | string[] | undefined; disallow?: string | string[] | undefined; crawlDelay?: number | undefined; } | { userAgent: string | string[]; allow?: string | ... 1 more ... | undefined; disallow?: string | ... 1 more ... | undefined; crawlDelay?: number | undefin...'.
  Property '0' does not exist on type '{ userAgent?: string | string[] | undefined; allow?: string | string[] | undefined; disallow?: string | string[] | undefined; crawlDelay?: number | undefined; } | { userAgent: string | string[]; allow?: string | ... 1 more ... | undefined; disallow?: string | ... 1 more ... | undefined; crawlDelay?: number | undefin...'.
__tests__/compliance.test.tsx(85,66): error TS2345: Argument of type '(category: "compliance" | "guides" | "pricing") => { metadata: { slug: string; localeAvail: string[]; updatedAt: string; publishedAt: string; }; content: string; slug: string; }[]' is not assignable to parameter of type 'NormalizedProcedure<(category: "compliance" | "guides" | "pricing", locale?: "fr" | "en" | undefined) => MDXContent[]>'.
  Type '{ metadata: { slug: string; localeAvail: string[]; updatedAt: string; publishedAt: string; }; content: string; slug: string; }[]' is not assignable to type 'MDXContent[]'.
    Type '{ metadata: { slug: string; localeAvail: string[]; updatedAt: string; publishedAt: string; }; content: string; slug: string; }' is not assignable to type 'MDXContent'.
      Types of property 'metadata' are incompatible.
        Type '{ slug: string; localeAvail: string[]; updatedAt: string; publishedAt: string; }' is missing the following properties from type 'ContentMetadata': title, description, leadForm, category
__tests__/components/Bundles.test.tsx(93,21): error TS2345: Argument of type 'HTMLElement | undefined' is not assignable to parameter of type 'Window | Document | Node | Element'.
  Type 'undefined' is not assignable to type 'Window | Document | Node | Element'.
__tests__/components/Bundles.test.tsx(115,21): error TS2345: Argument of type 'HTMLElement | undefined' is not assignable to parameter of type 'Window | Document | Node | Element'.
  Type 'undefined' is not assignable to type 'Window | Document | Node | Element'.
__tests__/components/Bundles.test.tsx(136,21): error TS2345: Argument of type 'HTMLElement | undefined' is not assignable to parameter of type 'Window | Document | Node | Element'.
  Type 'undefined' is not assignable to type 'Window | Document | Node | Element'.
__tests__/docsSearch.test.ts(62,12): error TS18048: 'top' is possibly 'undefined'.
__tests__/integration/design-context-e2e.test.tsx(61,1): error TS2582: Cannot find name 'describe'. Do you need to install type definitions for a test runner? Try `npm i --save-dev @types/jest` or `npm i --save-dev @types/mocha`.
__tests__/integration/design-context-e2e.test.tsx(74,5): error TS2582: Cannot find name 'describe'. Do you need to install type definitions for a test runner? Try `npm i --save-dev @types/jest` or `npm i --save-dev @types/mocha`.
__tests__/integration/design-context-e2e.test.tsx(75,9): error TS2582: Cannot find name 'test'. Do you need to install type definitions for a test runner? Try `npm i --save-dev @types/jest` or `npm i --save-dev @types/mocha`.
__tests__/integration/design-context-e2e.test.tsx(76,19): error TS6133: 'container' is declared but its value is never read.
__tests__/integration/design-context-e2e.test.tsx(91,17): error TS2304: Cannot find name 'expect'.
__tests__/integration/design-context-e2e.test.tsx(92,21): error TS2304: Cannot find name 'expect'.
__tests__/integration/design-context-e2e.test.tsx(113,17): error TS2304: Cannot find name 'expect'.
__tests__/integration/design-context-e2e.test.tsx(117,9): error TS2582: Cannot find name 'test'. Do you need to install type definitions for a test runner? Try `npm i --save-dev @types/jest` or `npm i --save-dev @types/mocha`.
__tests__/integration/design-context-e2e.test.tsx(129,17): error TS2304: Cannot find name 'expect'.
__tests__/integration/design-context-e2e.test.tsx(130,21): error TS2304: Cannot find name 'expect'.
__tests__/integration/design-context-e2e.test.tsx(139,17): error TS2304: Cannot find name 'expect'.
__tests__/integration/design-context-e2e.test.tsx(140,21): error TS2304: Cannot find name 'expect'.
__tests__/integration/design-context-e2e.test.tsx(145,9): error TS2582: Cannot find name 'test'. Do you need to install type definitions for a test runner? Try `npm i --save-dev @types/jest` or `npm i --save-dev @types/mocha`.
__tests__/integration/design-context-e2e.test.tsx(162,21): error TS2304: Cannot find name 'expect'.
__tests__/integration/design-context-e2e.test.tsx(168,5): error TS2582: Cannot find name 'describe'. Do you need to install type definitions for a test runner? Try `npm i --save-dev @types/jest` or `npm i --save-dev @types/mocha`.
__tests__/integration/design-context-e2e.test.tsx(169,9): error TS2582: Cannot find name 'test'. Do you need to install type definitions for a test runner? Try `npm i --save-dev @types/jest` or `npm i --save-dev @types/mocha`.
__tests__/integration/design-context-e2e.test.tsx(175,19): error TS6133: 'container' is declared but its value is never read.
__tests__/integration/design-context-e2e.test.tsx(185,17): error TS2304: Cannot find name 'expect'.
__tests__/integration/design-context-e2e.test.tsx(189,9): error TS2582: Cannot find name 'test'. Do you need to install type definitions for a test runner? Try `npm i --save-dev @types/jest` or `npm i --save-dev @types/mocha`.
__tests__/integration/design-context-e2e.test.tsx(195,19): error TS6133: 'container' is declared but its value is never read.
__tests__/integration/design-context-e2e.test.tsx(205,17): error TS2304: Cannot find name 'expect'.
__tests__/integration/design-context-e2e.test.tsx(209,9): error TS2582: Cannot find name 'test'. Do you need to install type definitions for a test runner? Try `npm i --save-dev @types/jest` or `npm i --save-dev @types/mocha`.
__tests__/integration/design-context-e2e.test.tsx(222,17): error TS2304: Cannot find name 'expect'.
__tests__/integration/design-context-e2e.test.tsx(223,21): error TS2304: Cannot find name 'expect'.
__tests__/integration/design-context-e2e.test.tsx(232,19): error TS6133: 'container' is declared but its value is never read.
__tests__/integration/design-context-e2e.test.tsx(242,17): error TS2304: Cannot find name 'expect'.
__tests__/integration/design-context-e2e.test.tsx(247,5): error TS2582: Cannot find name 'describe'. Do you need to install type definitions for a test runner? Try `npm i --save-dev @types/jest` or `npm i --save-dev @types/mocha`.
__tests__/integration/design-context-e2e.test.tsx(248,9): error TS2582: Cannot find name 'test'. Do you need to install type definitions for a test runner? Try `npm i --save-dev @types/jest` or `npm i --save-dev @types/mocha`.
__tests__/integration/design-context-e2e.test.tsx(254,19): error TS6133: 'container' is declared but its value is never read.
__tests__/integration/design-context-e2e.test.tsx(266,17): error TS2304: Cannot find name 'expect'.
__tests__/integration/design-context-e2e.test.tsx(270,17): error TS2304: Cannot find name 'expect'.
__tests__/integration/design-context-e2e.test.tsx(271,17): error TS2304: Cannot find name 'expect'.
__tests__/integration/design-context-e2e.test.tsx(275,9): error TS2582: Cannot find name 'test'. Do you need to install type definitions for a test runner? Try `npm i --save-dev @types/jest` or `npm i --save-dev @types/mocha`.
__tests__/integration/design-context-e2e.test.tsx(280,19): error TS6133: 'container' is declared but its value is never read.
__tests__/integration/design-context-e2e.test.tsx(296,17): error TS2304: Cannot find name 'expect'.
__tests__/integration/design-context-e2e.test.tsx(300,17): error TS2304: Cannot find name 'expect'.
__tests__/integration/design-context-e2e.test.tsx(301,17): error TS2304: Cannot find name 'expect'.
__tests__/integration/design-context-e2e.test.tsx(306,5): error TS2582: Cannot find name 'describe'. Do you need to install type definitions for a test runner? Try `npm i --save-dev @types/jest` or `npm i --save-dev @types/mocha`.
__tests__/integration/design-context-e2e.test.tsx(307,9): error TS2582: Cannot find name 'test'. Do you need to install type definitions for a test runner? Try `npm i --save-dev @types/jest` or `npm i --save-dev @types/mocha`.
__tests__/integration/design-context-e2e.test.tsx(313,21): error TS6133: 'container' is declared but its value is never read.
__tests__/integration/design-context-e2e.test.tsx(323,17): error TS2304: Cannot find name 'expect'.
__tests__/integration/design-context-e2e.test.tsx(339,17): error TS2304: Cannot find name 'expect'.
__tests__/integration/design-context-integration.test.tsx(56,62): error TS2339: Property 'MEDICAL' does not exist on type 'typeof BusinessType'.
__tests__/integration/design-context-integration.test.tsx(76,1): error TS2582: Cannot find name 'describe'. Do you need to install type definitions for a test runner? Try `npm i --save-dev @types/jest` or `npm i --save-dev @types/mocha`.
__tests__/integration/design-context-integration.test.tsx(77,5): error TS2304: Cannot find name 'beforeEach'.
__tests__/integration/design-context-integration.test.tsx(83,5): error TS2582: Cannot find name 'describe'. Do you need to install type definitions for a test runner? Try `npm i --save-dev @types/jest` or `npm i --save-dev @types/mocha`.
__tests__/integration/design-context-integration.test.tsx(84,9): error TS2582: Cannot find name 'test'. Do you need to install type definitions for a test runner? Try `npm i --save-dev @types/jest` or `npm i --save-dev @types/mocha`.
__tests__/integration/design-context-integration.test.tsx(92,17): error TS2304: Cannot find name 'expect'.
__tests__/integration/design-context-integration.test.tsx(93,17): error TS2304: Cannot find name 'expect'.
__tests__/integration/design-context-integration.test.tsx(97,9): error TS2582: Cannot find name 'test'. Do you need to install type definitions for a test runner? Try `npm i --save-dev @types/jest` or `npm i --save-dev @types/mocha`.
__tests__/integration/design-context-integration.test.tsx(106,17): error TS2304: Cannot find name 'expect'.
__tests__/integration/design-context-integration.test.tsx(107,17): error TS2304: Cannot find name 'expect'.
__tests__/integration/design-context-integration.test.tsx(114,17): error TS2304: Cannot find name 'expect'.
__tests__/integration/design-context-integration.test.tsx(115,17): error TS2304: Cannot find name 'expect'.
__tests__/integration/design-context-integration.test.tsx(119,9): error TS2582: Cannot find name 'test'. Do you need to install type definitions for a test runner? Try `npm i --save-dev @types/jest` or `npm i --save-dev @types/mocha`.
__tests__/integration/design-context-integration.test.tsx(130,17): error TS2304: Cannot find name 'expect'.
__tests__/integration/design-context-integration.test.tsx(131,17): error TS2304: Cannot find name 'expect'.
__tests__/integration/design-context-integration.test.tsx(135,17): error TS2304: Cannot find name 'expect'.
__tests__/integration/design-context-integration.test.tsx(142,17): error TS2304: Cannot find name 'expect'.
__tests__/integration/design-context-integration.test.tsx(143,17): error TS2304: Cannot find name 'expect'.
__tests__/integration/design-context-integration.test.tsx(147,17): error TS2304: Cannot find name 'expect'.
__tests__/integration/design-context-integration.test.tsx(154,17): error TS2304: Cannot find name 'expect'.
__tests__/integration/design-context-integration.test.tsx(155,17): error TS2304: Cannot find name 'expect'.
__tests__/integration/design-context-integration.test.tsx(159,17): error TS2304: Cannot find name 'expect'.
__tests__/integration/design-context-integration.test.tsx(163,9): error TS2582: Cannot find name 'test'. Do you need to install type definitions for a test runner? Try `npm i --save-dev @types/jest` or `npm i --save-dev @types/mocha`.
__tests__/integration/design-context-integration.test.tsx(174,17): error TS2304: Cannot find name 'expect'.
__tests__/integration/design-context-integration.test.tsx(186,17): error TS2304: Cannot find name 'expect'.
__tests__/integration/design-context-integration.test.tsx(187,17): error TS2304: Cannot find name 'expect'.
__tests__/integration/design-context-integration.test.tsx(191,9): error TS2582: Cannot find name 'test'. Do you need to install type definitions for a test runner? Try `npm i --save-dev @types/jest` or `npm i --save-dev @types/mocha`.
__tests__/integration/design-context-integration.test.tsx(219,17): error TS2304: Cannot find name 'expect'.
__tests__/integration/design-context-integration.test.tsx(220,17): error TS2304: Cannot find name 'expect'.
__tests__/integration/design-context-integration.test.tsx(225,5): error TS2582: Cannot find name 'describe'. Do you need to install type definitions for a test runner? Try `npm i --save-dev @types/jest` or `npm i --save-dev @types/mocha`.
__tests__/integration/design-context-integration.test.tsx(226,9): error TS2582: Cannot find name 'test'. Do you need to install type definitions for a test runner? Try `npm i --save-dev @types/jest` or `npm i --save-dev @types/mocha`.
__tests__/integration/design-context-integration.test.tsx(234,38): error TS2339: Property 'MEDICAL' does not exist on type 'typeof BusinessType'.
__tests__/integration/design-context-integration.test.tsx(237,38): error TS2339: Property 'FITNESS' does not exist on type 'typeof BusinessType'.
__tests__/integration/design-context-integration.test.tsx(241,32): error TS6133: 'expectedAccent' is declared but its value is never read.
__tests__/integration/design-context-integration.test.tsx(244,35): error TS2339: Property 'MEDICAL' does not exist on type 'typeof BusinessType'.
__tests__/integration/design-context-integration.test.tsx(247,35): error TS2339: Property 'FITNESS' does not exist on type 'typeof BusinessType'.
__tests__/integration/design-context-integration.test.tsx(252,56): error TS2769: No overload matches this call.
  Overload 1 of 2, '(id: Matcher, options?: MatcherOptions | undefined): HTMLElement', gave the following error.
    Argument of type 'string | undefined' is not assignable to parameter of type 'Matcher'.
      Type 'undefined' is not assignable to type 'Matcher'.
  Overload 2 of 2, '(id: Matcher, options?: MatcherOptions | undefined): HTMLElement', gave the following error.
    Argument of type 'string | undefined' is not assignable to parameter of type 'Matcher'.
      Type 'undefined' is not assignable to type 'Matcher'.
__tests__/integration/design-context-integration.test.tsx(259,21): error TS2304: Cannot find name 'expect'.
__tests__/integration/design-context-integration.test.tsx(260,21): error TS2304: Cannot find name 'expect'.
__tests__/integration/design-context-integration.test.tsx(261,21): error TS2304: Cannot find name 'expect'.
__tests__/integration/design-context-integration.test.tsx(262,21): error TS2304: Cannot find name 'expect'.
__tests__/integration/design-context-integration.test.tsx(266,21): error TS2304: Cannot find name 'expect'.
__tests__/integration/design-context-integration.test.tsx(271,9): error TS2582: Cannot find name 'test'. Do you need to install type definitions for a test runner? Try `npm i --save-dev @types/jest` or `npm i --save-dev @types/mocha`.
__tests__/integration/design-context-integration.test.tsx(280,17): error TS2304: Cannot find name 'expect'.
__tests__/integration/design-context-integration.test.tsx(286,17): error TS2304: Cannot find name 'expect'.
__tests__/integration/design-context-integration.test.tsx(287,17): error TS2304: Cannot find name 'expect'.
__tests__/integration/design-context-integration.test.tsx(293,17): error TS2304: Cannot find name 'expect'.
__tests__/integration/design-context-integration.test.tsx(294,17): error TS2304: Cannot find name 'expect'.
__tests__/integration/design-context-integration.test.tsx(300,17): error TS2304: Cannot find name 'expect'.
__tests__/integration/design-context-integration.test.tsx(301,17): error TS2304: Cannot find name 'expect'.
__tests__/integration/design-context-integration.test.tsx(306,5): error TS2582: Cannot find name 'describe'. Do you need to install type definitions for a test runner? Try `npm i --save-dev @types/jest` or `npm i --save-dev @types/mocha`.
__tests__/integration/design-context-integration.test.tsx(307,9): error TS2582: Cannot find name 'test'. Do you need to install type definitions for a test runner? Try `npm i --save-dev @types/jest` or `npm i --save-dev @types/mocha`.
__tests__/integration/design-context-integration.test.tsx(321,17): error TS2304: Cannot find name 'expect'.
__tests__/integration/design-context-integration.test.tsx(322,17): error TS2304: Cannot find name 'expect'.
__tests__/integration/design-system-summary.test.tsx(29,1): error TS6133: 'BusinessType' is declared but its value is never read.
__tests__/integration/design-system-summary.test.tsx(79,1): error TS2582: Cannot find name 'describe'. Do you need to install type definitions for a test runner? Try `npm i --save-dev @types/jest` or `npm i --save-dev @types/mocha`.
__tests__/integration/design-system-summary.test.tsx(80,5): error TS2582: Cannot find name 'test'. Do you need to install type definitions for a test runner? Try `npm i --save-dev @types/jest` or `npm i --save-dev @types/mocha`.
__tests__/integration/design-system-summary.test.tsx(88,9): error TS2304: Cannot find name 'expect'.
__tests__/integration/design-system-summary.test.tsx(91,9): error TS2304: Cannot find name 'expect'.
__tests__/integration/design-system-summary.test.tsx(94,9): error TS2304: Cannot find name 'expect'.
__tests__/integration/design-system-summary.test.tsx(97,9): error TS2304: Cannot find name 'expect'.
__tests__/integration/design-system-summary.test.tsx(100,9): error TS2304: Cannot find name 'expect'.
__tests__/integration/design-system-summary.test.tsx(103,5): error TS2582: Cannot find name 'test'. Do you need to install type definitions for a test runner? Try `npm i --save-dev @types/jest` or `npm i --save-dev @types/mocha`.
__tests__/integration/design-system-summary.test.tsx(113,48): error TS6133: 'requirement' is declared but its value is never read.
__tests__/integration/design-system-summary.test.tsx(114,13): error TS2304: Cannot find name 'expect'.
__tests__/integration/design-system-summary.test.tsx(118,5): error TS2582: Cannot find name 'test'. Do you need to install type definitions for a test runner? Try `npm i --save-dev @types/jest` or `npm i --save-dev @types/mocha`.
__tests__/integration/design-system-summary.test.tsx(129,46): error TS6133: 'component' is declared but its value is never read.
__tests__/integration/design-system-summary.test.tsx(130,13): error TS2304: Cannot find name 'expect'.
__tests__/integration/theme-consistency.test.tsx(12,26): error TS2307: Cannot find module '@/components/PricingTable' or its corresponding type declarations.
__tests__/integration/theme-consistency.test.tsx(67,1): error TS2582: Cannot find name 'describe'. Do you need to install type definitions for a test runner? Try `npm i --save-dev @types/jest` or `npm i --save-dev @types/mocha`.
__tests__/integration/theme-consistency.test.tsx(80,5): error TS2582: Cannot find name 'describe'. Do you need to install type definitions for a test runner? Try `npm i --save-dev @types/jest` or `npm i --save-dev @types/mocha`.
__tests__/integration/theme-consistency.test.tsx(81,9): error TS2582: Cannot find name 'test'. Do you need to install type definitions for a test runner? Try `npm i --save-dev @types/jest` or `npm i --save-dev @types/mocha`.
__tests__/integration/theme-consistency.test.tsx(98,17): error TS2304: Cannot find name 'expect'.
__tests__/integration/theme-consistency.test.tsx(105,17): error TS2304: Cannot find name 'expect'.
__tests__/integration/theme-consistency.test.tsx(106,17): error TS2304: Cannot find name 'expect'.
__tests__/integration/theme-consistency.test.tsx(110,9): error TS2582: Cannot find name 'test'. Do you need to install type definitions for a test runner? Try `npm i --save-dev @types/jest` or `npm i --save-dev @types/mocha`.
__tests__/integration/theme-consistency.test.tsx(129,17): error TS2304: Cannot find name 'expect'.
__tests__/integration/theme-consistency.test.tsx(150,17): error TS2304: Cannot find name 'expect'.
__tests__/integration/theme-consistency.test.tsx(155,17): error TS2304: Cannot find name 'expect'.
__tests__/integration/theme-consistency.test.tsx(160,5): error TS2582: Cannot find name 'describe'. Do you need to install type definitions for a test runner? Try `npm i --save-dev @types/jest` or `npm i --save-dev @types/mocha`.
__tests__/integration/theme-consistency.test.tsx(161,9): error TS2582: Cannot find name 'test'. Do you need to install type definitions for a test runner? Try `npm i --save-dev @types/jest` or `npm i --save-dev @types/mocha`.
__tests__/integration/theme-consistency.test.tsx(185,21): error TS2304: Cannot find name 'expect'.
__tests__/integration/theme-consistency.test.tsx(190,21): error TS2304: Cannot find name 'expect'.
__tests__/integration/theme-consistency.test.tsx(191,21): error TS2304: Cannot find name 'expect'.
__tests__/integration/theme-consistency.test.tsx(192,21): error TS2304: Cannot find name 'expect'.
__tests__/integration/theme-consistency.test.tsx(193,21): error TS2304: Cannot find name 'expect'.
__tests__/integration/theme-consistency.test.tsx(198,9): error TS2582: Cannot find name 'test'. Do you need to install type definitions for a test runner? Try `npm i --save-dev @types/jest` or `npm i --save-dev @types/mocha`.
__tests__/integration/theme-consistency.test.tsx(221,17): error TS2304: Cannot find name 'expect'.
__tests__/integration/theme-consistency.test.tsx(232,17): error TS2304: Cannot find name 'expect'.
__tests__/integration/theme-consistency.test.tsx(237,5): error TS2582: Cannot find name 'describe'. Do you need to install type definitions for a test runner? Try `npm i --save-dev @types/jest` or `npm i --save-dev @types/mocha`.
__tests__/integration/theme-consistency.test.tsx(238,9): error TS2582: Cannot find name 'test'. Do you need to install type definitions for a test runner? Try `npm i --save-dev @types/jest` or `npm i --save-dev @types/mocha`.
__tests__/integration/theme-consistency.test.tsx(251,17): error TS2304: Cannot find name 'expect'.
__tests__/integration/theme-consistency.test.tsx(255,17): error TS2304: Cannot find name 'expect'.
__tests__/integration/theme-consistency.test.tsx(259,9): error TS2582: Cannot find name 'test'. Do you need to install type definitions for a test runner? Try `npm i --save-dev @types/jest` or `npm i --save-dev @types/mocha`.
__tests__/integration/theme-consistency.test.tsx(274,17): error TS2304: Cannot find name 'expect'.
__tests__/integration/theme-consistency.test.tsx(278,17): error TS2304: Cannot find name 'expect'.
__tests__/integration/theme-consistency.test.tsx(283,5): error TS2582: Cannot find name 'describe'. Do you need to install type definitions for a test runner? Try `npm i --save-dev @types/jest` or `npm i --save-dev @types/mocha`.
__tests__/integration/theme-consistency.test.tsx(284,9): error TS2582: Cannot find name 'test'. Do you need to install type definitions for a test runner? Try `npm i --save-dev @types/jest` or `npm i --save-dev @types/mocha`.
__tests__/integration/theme-consistency.test.tsx(300,17): error TS2304: Cannot find name 'expect'.
__tests__/integration/theme-consistency.test.tsx(309,17): error TS2304: Cannot find name 'expect'.
__tests__/integration/theme-consistency.test.tsx(310,21): error TS2304: Cannot find name 'expect'.
__tests__/integration/theme-consistency.test.tsx(315,9): error TS2582: Cannot find name 'test'. Do you need to install type definitions for a test runner? Try `npm i --save-dev @types/jest` or `npm i --save-dev @types/mocha`.
__tests__/integration/theme-consistency.test.tsx(331,17): error TS2304: Cannot find name 'expect'.
__tests__/integration/theme-consistency.test.tsx(335,17): error TS2304: Cannot find name 'expect'.
app/[locale]/assessment/page.tsx(3,1): error TS6133: 'AssessmentResult' is declared but its value is never read.
app/[locale]/blog/aeogeo-visible-chatgpt/page.tsx(244,9): error TS2322: Type '{ '@context': string; '@type': string; headline: string; description: string; mainEntityOfPage: { '@type': string; '@id': string; }; author: { '@type': string; name: string; }; publisher: { '@type': string; name: string; logo: { ...; }; }; ... 4 more ...; keywords: string[]; }' is not assignable to type 'Article'.
  The types of 'author['@type']' are incompatible between these types.
    Type 'string' is not assignable to type '"Person" | "Organization"'.
app/[locale]/blog/loi-25-erreurs-courantes/page.tsx(205,9): error TS6133: 'alternateUrl' is declared but its value is never read.
app/[locale]/blog/loi-25-erreurs-courantes/page.tsx(246,9): error TS2322: Type '{ '@context': string; '@type': string; headline: string; description: string; mainEntityOfPage: { '@type': string; '@id': string; }; author: { '@type': string; name: string; }; publisher: { '@type': string; name: string; logo: { ...; }; }; ... 4 more ...; keywords: string[]; }' is not assignable to type 'Article'.
  The types of 'author['@type']' are incompatible between these types.
    Type 'string' is not assignable to type '"Person" | "Organization"'.
app/[locale]/compliance/page.tsx(40,5): error TS4104: The type 'readonly ["fr", "en"]' is 'readonly' and cannot be assigned to the mutable type 'string[]'.
app/[locale]/page.tsx(8,10): error TS6133: 'buildLocalePath' is declared but its value is never read.
app/[locale]/page.tsx(79,5): error TS4104: The type 'readonly ["fr", "en"]' is 'readonly' and cannot be assigned to the mutable type 'string[]'.
app/[locale]/services/page.tsx(153,5): error TS4104: The type 'readonly ["fr", "en"]' is 'readonly' and cannot be assigned to the mutable type 'string[]'.
app/api/stripe/webhook/route.ts(4,1): error TS6133: 'getEnv' is declared but its value is never read.
app/api/stripe/webhook/route.ts(15,5): error TS2322: Type '"2023-10-16"' is not assignable to type '"2025-11-17.clover"'.
app/layout.tsx(68,25): error TS2322: Type 'string' is not assignable to type '"fr" | "en"'.
app/layout.tsx(68,100): error TS2345: Argument of type 'string' is not assignable to parameter of type '"fr" | "en"'.
app/page.tsx(13,29): error TS2353: Object literal may only specify known properties, and 'locale' does not exist in type 'Promise<{ locale: string; }>'.
components/BusinessCarousel.tsx(179,9): error TS6133: 'strengthsDisplay' is declared but its value is never read.
components/BusinessCarousel.tsx(347,9): error TS6133: 'compliancePoints' is declared but its value is never read.
components/ClientOnlyContactForm.tsx(68,13): error TS2375: Type '{ locale: "fr" | "en"; className: string | undefined; id: string | undefined; }' is not assignable to type 'ContactFormProps' with 'exactOptionalPropertyTypes: true'. Consider adding 'undefined' to the types of the target's properties.
  Types of property 'className' are incompatible.
    Type 'string | undefined' is not assignable to type 'string'.
      Type 'undefined' is not assignable to type 'string'.
components/ContactBookingEmbed.tsx(77,6): error TS2375: Type '{ calLink: string | undefined; locale: "fr" | "en"; fallbackLabel: string; fallbackCta: string; className: string | undefined; onView: () => void; onStart: () => void; onBooked: () => void; }' is not assignable to type 'CalSchedulerProps' with 'exactOptionalPropertyTypes: true'. Consider adding 'undefined' to the types of the target's properties.
  Types of property 'calLink' are incompatible.
    Type 'string | undefined' is not assignable to type 'string'.
      Type 'undefined' is not assignable to type 'string'.
components/DesignErrorDebugPanel.tsx(38,15): error TS7030: Not all code paths return a value.
components/DesignErrorDebugPanel.tsx(210,15): error TS7030: Not all code paths return a value.
components/DesignErrorNotification.tsx(30,15): error TS7030: Not all code paths return a value.
components/DesignErrorNotification.tsx(205,10): error TS2375: Type '{ error: DesignError | undefined; onDismiss: () => void; }' is not assignable to type 'DesignErrorNotificationProps' with 'exactOptionalPropertyTypes: true'. Consider adding 'undefined' to the types of the target's properties.
  Types of property 'error' are incompatible.
    Type 'DesignError | undefined' is not assignable to type 'DesignError'.
      Type 'undefined' is not assignable to type 'DesignError'.
components/DesignErrorRecoveryProvider.tsx(47,15): error TS7030: Not all code paths return a value.
components/DesignErrorRecoveryProvider.tsx(68,9): error TS2322: Type '(strategies?: RecoveryStrategy[]) => Promise<RecoveryResult>' is not assignable to type '() => Promise<void>'.
  Type 'Promise<RecoveryResult>' is not assignable to type 'Promise<void>'.
    Type 'RecoveryResult' is not assignable to type 'void'.
components/DesignErrorRecoveryProvider.tsx(77,34): error TS6133: 'design' is declared but its value is never read.
components/DesignFallbackUI.tsx(144,14): error TS2375: Type '{ message: string | undefined; onDesignSelect: () => void; }' is not assignable to type 'DesignFallbackUIProps' with 'exactOptionalPropertyTypes: true'. Consider adding 'undefined' to the types of the target's properties.
  Types of property 'message' are incompatible.
    Type 'string | undefined' is not assignable to type 'string'.
      Type 'undefined' is not assignable to type 'string'.
components/MetaPixelGate.tsx(4,1): error TS6133: 'useEffect' is declared but its value is never read.
components/PriceDisplay.tsx(33,18): error TS2322: Type 'string | undefined' is not assignable to type 'string'.
  Type 'undefined' is not assignable to type 'string'.
components/ResourcesSection.tsx(4,1): error TS6133: 'useEffect' is declared but its value is never read.
components/ThemePerformanceMonitor.tsx(175,15): error TS7030: Not all code paths return a value.
data/services.ts(42,7): error TS2322: Type 'number | RawServiceCategory' is not assignable to type 'number'.
  Type 'RawServiceCategory' is not assignable to type 'number'.
hooks/useDesignErrorHandling.ts(196,47): error TS7030: Not all code paths return a value.
hooks/useThemeTransition.ts(36,42): error TS6133: 'newTheme' is declared but its value is never read.
hooks/useThemeTransition.ts(103,30): error TS6133: 'error' is declared but its value is never read.
lib/designContext.tsx(128,15): error TS7030: Not all code paths return a value.
lib/designErrorLogger.ts(65,15): error TS2375: Type '{ type: DesignErrorType; message: string; timestamp: Date; context: Record<string, any> | undefined; }' is not assignable to type 'DesignError' with 'exactOptionalPropertyTypes: true'. Consider adding 'undefined' to the types of the target's properties.
  Types of property 'context' are incompatible.
    Type 'Record<string, any> | undefined' is not assignable to type 'Record<string, any>'.
      Type 'undefined' is not assignable to type 'Record<string, any>'.
lib/designErrorLogger.ts(81,15): error TS2375: Type '{ type: DesignErrorType.INVALID_DESIGN_PARAMETER; message: string; originalValue: string; fallbackUsed: BusinessType | undefined; timestamp: Date; }' is not assignable to type 'DesignError' with 'exactOptionalPropertyTypes: true'. Consider adding 'undefined' to the types of the target's properties.
  Types of property 'fallbackUsed' are incompatible.
    Type 'BusinessType | undefined' is not assignable to type 'BusinessType'.
      Type 'undefined' is not assignable to type 'BusinessType'.
lib/designErrorLogger.ts(125,15): error TS2375: Type '{ type: DesignErrorType.CONTEXT_PROVIDER_ERROR; message: string; timestamp: Date; context: Record<string, any> | undefined; }' is not assignable to type 'DesignError' with 'exactOptionalPropertyTypes: true'. Consider adding 'undefined' to the types of the target's properties.
  Types of property 'context' are incompatible.
    Type 'Record<string, any> | undefined' is not assignable to type 'Record<string, any>'.
      Type 'undefined' is not assignable to type 'Record<string, any>'.
lib/designErrorLogger.ts(143,9): error TS2375: Type '{ totalErrors: number; errorsByType: Record<DesignErrorType, number>; lastError: DesignError | undefined; firstError: DesignError | undefined; }' is not assignable to type 'ErrorStats' with 'exactOptionalPropertyTypes: true'. Consider adding 'undefined' to the types of the target's properties.
  Types of property 'lastError' are incompatible.
    Type 'DesignError | undefined' is not assignable to type 'DesignError'.
      Type 'undefined' is not assignable to type 'DesignError'.
lib/designRecovery.ts(3,27): error TS6133: 'logValidationError' is declared but its value is never read.
lib/designRecovery.ts(76,9): error TS6133: 'currentDesign' is declared but its value is never read.
lib/designValidation.ts(107,13): error TS2375: Type '{ type: DesignErrorType.URL_PARSING_ERROR; message: string; originalValue: string | undefined; timestamp: Date; context: { error: unknown; }; }' is not assignable to type 'DesignError' with 'exactOptionalPropertyTypes: true'. Consider adding 'undefined' to the types of the target's properties.
  Types of property 'originalValue' are incompatible.
    Type 'string | undefined' is not assignable to type 'string'.
      Type 'undefined' is not assignable to type 'string'.
lib/docsSearch.ts(64,45): error TS2532: Object is possibly 'undefined'.
lib/docsSearch.ts(64,52): error TS2532: Object is possibly 'undefined'.
lib/seo/structuredData.ts(2,10): error TS6133: 'buildLocalePath' is declared but its value is never read.
lib/serviceLoader.ts(152,3): error TS2375: Type '{ tiers: ServiceTier[]; launchSpecial?: { tag: string; message: string; specialHeadline: string; originalHeadline: string | undefined; }; headlinePrice?: string; shortDescription?: string; description?: string; id: string; title: string; }' is not assignable to type 'ServiceCategory' with 'exactOptionalPropertyTypes: true'. Consider adding 'undefined' to the types of the target's properties.
  The types of 'launchSpecial.originalHeadline' are incompatible between these types.
    Type 'string | undefined' is not assignable to type 'string'.
      Type 'undefined' is not assignable to type 'string'.
lib/themeOptimizations.ts(6,1): error TS6133: 'BusinessType' is declared but its value is never read.
lib/themePerformance.ts(103,17): error TS6133: 'businessType' is declared but its value is never read.
lib/urlUtils.ts(4,5): error TS6133: 'validateURLDesignParameter' is declared but its value is never read.
next.config.ts(7,3): error TS2353: Object literal may only specify known properties, and 'defaultLocale' does not exist in type 'PluginConfig'.
scripts/docs/query.ts(10,13): error TS2538: Type 'undefined' cannot be used as an index type.
